
> supabase-auth-app@0.0.0 build
> tsc -b && vite build

src/components/GoogleSheetsSync.tsx(15,11): error TS6133: 't' is declared but its value is never read.
src/components/GoogleSheetsSync.tsx(67,19): error TS6133: 'response' is declared but its value is never read.
src/components/support/SupportChat.tsx(3,39): error TS6133: 'User' is declared but its value is never read.
src/components/support/SupportChat.tsx(3,45): error TS6133: 'Loader2' is declared but its value is never read.
src/components/themes/ShopifyImportModal.tsx(25,11): error TS6133: 't' is declared but its value is never read.
src/pages/LandingPageCustomizer.tsx(1,8): error TS6133: 'React' is declared but its value is never read.
src/pages/LandingPageCustomizer.tsx(4,10): error TS1484: 'Product' is a type and must be imported using a type-only import when 'verbatimModuleSyntax' is enabled.
src/pages/LandingPageCustomizer.tsx(27,23): error TS6133: 'error' is declared but its value is never read.
src/pages/OnlineStoreLogo.tsx(3,10): error TS6133: 'Upload' is declared but its value is never read.
src/pages/OnlineStoreLogo.tsx(3,35): error TS6133: 'ImageIcon' is declared but its value is never read.
src/pages/OnlineStoreLogo.tsx(7,1): error TS6133: 'cn' is declared but its value is never read.
src/pages/Orders.tsx(3,151): error TS6133: 'PhoneOff' is declared but its value is never read.
src/pages/Orders.tsx(3,161): error TS6133: 'Bell' is declared but its value is never read.
src/pages/Orders.tsx(3,167): error TS6133: 'Box' is declared but its value is never read.
src/pages/Orders.tsx(3,172): error TS6133: 'Calendar' is declared but its value is never read.
src/pages/Orders.tsx(16,1): error TS6133: 'GoogleSheetsSync' is declared but its value is never read.
src/pages/Settings.tsx(663,11): error TS6133: 'renderThemeSettings' is declared but its value is never read.
src/pages/Settings.tsx(917,69): error TS2345: Argument of type '{ themeMode: string; glassmorphism: boolean; cardStyle: string; primaryColor: string; dashboardBackground: string; borderRadius: number; buttonStyle: string; navigationStyle: string; animationLevel: string; ... 114 more ...; blacklistThreshold?: number | undefined; } | { ...; }' is not assignable to parameter of type 'SetStateAction<StoreSettings>'.
  Type '{ themeMode: string; glassmorphism: boolean; cardStyle: string; primaryColor: string; dashboardBackground: string; borderRadius: number; buttonStyle: string; navigationStyle: string; animationLevel: string; ... 114 more ...; blacklistThreshold?: number; }' is not assignable to type 'SetStateAction<StoreSettings>'.
    Type '{ themeMode: string; glassmorphism: boolean; cardStyle: string; primaryColor: string; dashboardBackground: string; borderRadius: number; buttonStyle: string; navigationStyle: string; animationLevel: string; ... 114 more ...; blacklistThreshold?: number; }' is not assignable to type 'StoreSettings'.
      Types of property 'themeMode' are incompatible.
        Type 'string' is not assignable to type '"dark" | "light" | "system"'.
src/pages/Settings.tsx(1079,97): error TS2322: Type 'string' is not assignable to type '"dark" | "light" | "system"'.
src/pages/Settings.tsx(4083,36): error TS2552: Cannot find name 'renderDomainsSettings'. Did you mean 'renderRolesSettings'?
src/pages/StockManager.tsx(23,1): error TS6133: 'SearchInput' is declared but its value is never read.
src/pages/StockManager.tsx(49,11): error TS6133: 't' is declared but its value is never read.
src/pages/Themes.tsx(21,1): error TS6133: 'ShopifyImportModal' is declared but its value is never read.
src/pages/Themes.tsx(30,12): error TS6133: 'isShopifyImportOpen' is declared but its value is never read.
src/pages/Themes.tsx(30,33): error TS6133: 'setIsShopifyImportOpen' is declared but its value is never read.
src/pages/Themes.tsx(70,11): error TS6133: 'handleShopifyImport' is declared but its value is never read.
